		Initializing .... 

Total memory allocated = 5454196
		Begin Printing Seed information

Seed point: 134 56 	Path 0 0 	User path -1 -1 -1

---------------------

Print path: 



[134 56] 

		Begin Printing Seed information

Seed point: 134 56 	Path 0 72 	User path 0 29 0

Seed point: 195 109 	Path 73 73 	User path 29 29 29

---------------------

Print path: 



[134 56] [135 56] [136 56] [137 57] [138 58] [139 59] [140 60] 
[141 61] [142 62] [143 63] [144 64] [145 64] [146 65] [147 65] 
[148 66] [149 66] [150 66] [151 67] [152 67] [153 67] [154 68] 
[155 69] [156 70] [157 71] [158 72] [159 73] [160 74] [161 75] 
[162 76] [163 77] [164 78] [165 79] [166 80] [167 81] [168 82] 
[169 83] [170 84] [171 85] [172 86] [173 87] [174 88] [175 89] 
[176 90] [177 91] [178 92] [179 93] [180 94] [181 95] [182 96] 
[183 97] [184 98] [184 99] [184 100] [184 101] [184 102] [184 103] 
[184 104] [184 105] [184 106] [184 107] [184 108] [185 108] [186 108] 
[186 109] [187 109] [188 109] [189 109] [190 109] [191 109] [192 109] 
[193 109] [194 109] [195 109] [195 109] 

		Begin Printing Seed information

Seed point: 134 56 	Path 0 72 	User path 0 29 0

Seed point: 195 109 	Path 73 94 	User path 29 40 29

Seed point: 181 102 	Path 95 95 	User path 63 63 63

---------------------

Print path: 



[134 56] [135 56] [136 56] [137 57] [138 58] [139 59] [140 60] 
[141 61] [142 62] [143 63] [144 64] [145 64] [146 65] [147 65] 
[148 66] [149 66] [150 66] [151 67] [152 67] [153 67] [154 68] 
[155 69] [156 70] [157 71] [158 72] [159 73] [160 74] [161 75] 
[162 76] [163 77] [164 78] [165 79] [166 80] [167 81] [168 82] 
[169 83] [170 84] [171 85] [172 86] [173 87] [174 88] [175 89] 
[176 90] [177 91] [178 92] [179 93] [180 94] [181 95] [182 96] 
[183 97] [184 98] [184 99] [184 100] [184 101] [184 102] [184 103] 
[184 104] [184 105] [184 106] [184 107] [184 108] [185 108] [186 108] 
[186 109] [187 109] [188 109] [189 109] [190 109] [191 109] [192 109] 
[193 109] [194 109] [195 109] [195 109] [194 109] [193 109] [192 109] 
[191 109] [190 109] [189 109] [188 109] [187 109] [186 109] [186 108] 
[185 108] [184 108] [184 107] [183 107] [182 107] [181 107] [181 106] 
[181 105] [181 104] [181 103] [181 102] [181 102] 

User path


[134 56] [135 56] [135 57] [135 58] [136 59] [138 62] [139 64] 
[142 67] [147 69] [152 72] [158 75] [165 80] [172 84] [178 88] 
[183 92] [187 95] [190 97] [192 99] [194 100] [194 101] [195 101] 
[195 102] [195 103] [195 104] [195 105] [195 106] [195 107] [195 108] 
[195 109] [195 109] [195 108] [194 107] [193 107] [193 106] [192 104] 
[191 103] [189 101] [188 100] [185 98] [183 97] [181 102] [180 94] 
[177 92] [175 89] [171 87] [169 84] [167 83] [164 81] [163 80] 
[162 78] [160 78] [159 76] [158 76] [157 75] [157 74] [156 74] 
[155 73] [154 73] [153 73] [152 73] [151 72] [149 71] [148 70] 
[148 69] [148 68] [147 68] [147 67] [146 67] [145 66] [145 65] 
[145 64] [144 64] [143 64] [142 64] [142 63] [141 62] [140 62] 
[139 62] [139 61] [138 61] [137 61] [137 60] [136 60] [136 59] 
[136 58] [136 57] 

		Begin Printing Seed information

Seed point: 134 56 	Path 0 72 	User path 0 29 0

Seed point: 195 109 	Path 73 94 	User path 29 40 29

Seed point: 181 102 	Path 95 140 	User path 40 86 40

Seed point: 136 57 	Path 141 141 	User path 86 86 86

---------------------

Print path: 



[134 56] [135 56] [136 56] [137 57] [138 58] [139 59] [140 60] 
[141 61] [142 62] [143 63] [144 64] [145 64] [146 65] [147 65] 
[148 66] [149 66] [150 66] [151 67] [152 67] [153 67] [154 68] 
[155 69] [156 70] [157 71] [158 72] [159 73] [160 74] [161 75] 
[162 76] [163 77] [164 78] [165 79] [166 80] [167 81] [168 82] 
[169 83] [170 84] [171 85] [172 86] [173 87] [174 88] [175 89] 
[176 90] [177 91] [178 92] [179 93] [180 94] [181 95] [182 96] 
[183 97] [184 98] [184 99] [184 100] [184 101] [184 102] [184 103] 
[184 104] [184 105] [184 106] [184 107] [184 108] [185 108] [186 108] 
[186 109] [187 109] [188 109] [189 109] [190 109] [191 109] [192 109] 
[193 109] [194 109] [195 109] [195 109] [194 109] [193 109] [192 109] 
[191 109] [190 109] [189 109] [188 109] [187 109] [186 109] [186 108] 
[185 108] [184 108] [184 107] [183 107] [182 107] [181 107] [181 106] 
[181 105] [181 104] [181 103] [181 102] [181 102] [180 101] [179 100] 
[178 99] [177 98] [176 97] [175 96] [174 95] [173 94] [172 93] 
[171 92] [170 91] [169 90] [168 89] [167 88] [166 87] [165 86] 
[164 85] [163 84] [162 83] [161 82] [160 81] [159 80] [158 79] 
[157 78] [156 77] [155 76] [154 75] [153 74] [152 73] [151 72] 
[150 71] [149 70] [148 69] [147 68] [146 67] [145 66] [144 65] 
[143 64] [142 63] [141 62] [140 61] [139 60] [138 59] [137 58] 
[136 57] [136 57] 

